TN:
SF:src\modules\appointments\services\CreateAppointmentService.ts
FN:16,(anonymous_18)
FN:17,CreateAppointmentService
FN:22,(anonymous_20)
FNF:3
FNH:3
FNDA:1,(anonymous_18)
FNDA:2,CreateAppointmentService
FNDA:3,(anonymous_20)
DA:2,1
DA:3,1
DA:5,1
DA:16,1
DA:19,2
DA:22,3
DA:23,3
DA:25,3
DA:26,3
DA:28,3
DA:29,1
DA:32,2
DA:37,2
DA:39,1
DA:41,1
LF:15
LH:15
BRDA:28,0,0,1
BRDA:28,0,1,2
BRF:2
BRH:2
end_of_record
TN:
SF:src\modules\users\services\AuthenticateUserService.ts
FN:25,(anonymous_18)
FN:26,AuthenticateUserService
FN:34,(anonymous_20)
FNF:3
FNH:3
FNDA:1,(anonymous_18)
FNDA:3,AuthenticateUserService
FNDA:3,(anonymous_20)
DA:3,1
DA:4,1
DA:5,1
DA:7,1
DA:25,1
DA:28,3
DA:31,3
DA:34,3
DA:35,3
DA:37,3
DA:38,1
DA:44,2
DA:46,2
DA:47,1
DA:50,1
DA:52,1
DA:57,1
DA:59,1
DA:61,1
LF:19
LH:19
BRDA:35,0,0,3
BRDA:37,1,0,1
BRDA:37,1,1,2
BRDA:46,2,0,1
BRDA:46,2,1,1
BRF:5
BRH:5
end_of_record
TN:
SF:src\modules\users\services\CreateUserService.ts
FN:17,(anonymous_18)
FN:19,CreateUserService
FN:27,(anonymous_20)
FNF:3
FNH:3
FNDA:2,(anonymous_18)
FNDA:4,CreateUserService
FNDA:5,(anonymous_20)
DA:2,2
DA:4,2
DA:17,2
DA:21,4
DA:24,4
DA:27,5
DA:28,5
DA:30,5
DA:31,1
DA:34,4
DA:36,4
DA:42,4
DA:44,2
DA:46,2
LF:14
LH:14
BRDA:28,0,0,5
BRDA:30,1,0,1
BRDA:30,1,1,4
BRF:3
BRH:3
end_of_record
TN:
SF:src\modules\users\services\UpdateUserAvatarService.ts
FN:19,(anonymous_18)
FN:21,UpdateUserAvatarService
FN:29,(anonymous_20)
FNF:3
FNH:3
FNDA:1,(anonymous_18)
FNDA:3,UpdateUserAvatarService
FNDA:4,(anonymous_20)
DA:7,1
DA:8,1
DA:19,1
DA:23,3
DA:26,3
DA:29,4
DA:30,4
DA:32,4
DA:33,1
DA:36,5
DA:37,2
DA:40,3
DA:42,3
DA:44,6
DA:46,3
DA:48,1
DA:50,1
LF:17
LH:17
BRDA:30,0,0,4
BRDA:30,0,1,3
BRDA:32,1,0,1
BRDA:32,1,1,3
BRDA:36,2,0,2
BRDA:36,2,1,1
BRF:6
BRH:6
end_of_record
